[debug] [2025-02-23T02:16:56.934Z] ----------------------------------------------------------------------
[debug] [2025-02-23T02:16:56.936Z] Command:       C:\Program Files\nodejs\node.exe C:\Users\lucas\AppData\Roaming\npm\node_modules\firebase-tools\lib\bin\firebase.js deploy --only functions
[debug] [2025-02-23T02:16:56.937Z] CLI Version:   13.31.2
[debug] [2025-02-23T02:16:56.937Z] Platform:      win32
[debug] [2025-02-23T02:16:56.937Z] Node Version:  v22.14.0
[debug] [2025-02-23T02:16:56.937Z] Time:          Sun Feb 23 2025 02:16:56 GMT+0000 (Horário do Meridiano de Greenwich)
[debug] [2025-02-23T02:16:56.937Z] ----------------------------------------------------------------------
[debug] 
[debug] [2025-02-23T02:16:57.098Z] > command requires scopes: ["email","openid","https://www.googleapis.com/auth/cloudplatformprojects.readonly","https://www.googleapis.com/auth/firebase","https://www.googleapis.com/auth/cloud-platform"]
[debug] [2025-02-23T02:16:57.098Z] > authorizing via signed-in user (lucasbolla.uk@gmail.com)
[debug] [2025-02-23T02:16:57.099Z] [iam] checking project escorts-uk for permissions ["cloudfunctions.functions.create","cloudfunctions.functions.delete","cloudfunctions.functions.get","cloudfunctions.functions.list","cloudfunctions.functions.update","cloudfunctions.operations.get","firebase.projects.get"]
[debug] [2025-02-23T02:16:57.099Z] Checked if tokens are valid: false, expires at: 1740277732377
[debug] [2025-02-23T02:16:57.099Z] Checked if tokens are valid: false, expires at: 1740277732377
[debug] [2025-02-23T02:16:57.100Z] > refreshing access token with scopes: []
[debug] [2025-02-23T02:16:57.101Z] >>> [apiv2][query] POST https://www.googleapis.com/oauth2/v3/token [none]
[debug] [2025-02-23T02:16:57.101Z] >>> [apiv2][body] POST https://www.googleapis.com/oauth2/v3/token [omitted]
[debug] [2025-02-23T02:16:57.257Z] <<< [apiv2][status] POST https://www.googleapis.com/oauth2/v3/token 200
[debug] [2025-02-23T02:16:57.257Z] <<< [apiv2][body] POST https://www.googleapis.com/oauth2/v3/token [omitted]
[debug] [2025-02-23T02:16:57.262Z] >>> [apiv2][query] POST https://cloudresourcemanager.googleapis.com/v1/projects/escorts-uk:testIamPermissions [none]
[debug] [2025-02-23T02:16:57.262Z] >>> [apiv2][(partial)header] POST https://cloudresourcemanager.googleapis.com/v1/projects/escorts-uk:testIamPermissions x-goog-quota-user=projects/escorts-uk
[debug] [2025-02-23T02:16:57.262Z] >>> [apiv2][body] POST https://cloudresourcemanager.googleapis.com/v1/projects/escorts-uk:testIamPermissions {"permissions":["cloudfunctions.functions.create","cloudfunctions.functions.delete","cloudfunctions.functions.get","cloudfunctions.functions.list","cloudfunctions.functions.update","cloudfunctions.operations.get","firebase.projects.get"]}
[debug] [2025-02-23T02:16:57.921Z] <<< [apiv2][status] POST https://cloudresourcemanager.googleapis.com/v1/projects/escorts-uk:testIamPermissions 200
[debug] [2025-02-23T02:16:57.921Z] <<< [apiv2][body] POST https://cloudresourcemanager.googleapis.com/v1/projects/escorts-uk:testIamPermissions {"permissions":["cloudfunctions.functions.create","cloudfunctions.functions.delete","cloudfunctions.functions.get","cloudfunctions.functions.list","cloudfunctions.functions.update","cloudfunctions.operations.get","firebase.projects.get"]}
[debug] [2025-02-23T02:16:57.922Z] Checked if tokens are valid: true, expires at: 1740280616257
[debug] [2025-02-23T02:16:57.922Z] Checked if tokens are valid: true, expires at: 1740280616257
[debug] [2025-02-23T02:16:57.922Z] >>> [apiv2][query] POST https://iam.googleapis.com/v1/projects/escorts-uk/serviceAccounts/escorts-uk@appspot.gserviceaccount.com:testIamPermissions [none]
[debug] [2025-02-23T02:16:57.922Z] >>> [apiv2][body] POST https://iam.googleapis.com/v1/projects/escorts-uk/serviceAccounts/escorts-uk@appspot.gserviceaccount.com:testIamPermissions {"permissions":["iam.serviceAccounts.actAs"]}
[debug] [2025-02-23T02:16:58.556Z] <<< [apiv2][status] POST https://iam.googleapis.com/v1/projects/escorts-uk/serviceAccounts/escorts-uk@appspot.gserviceaccount.com:testIamPermissions 404
[debug] [2025-02-23T02:16:58.556Z] <<< [apiv2][body] POST https://iam.googleapis.com/v1/projects/escorts-uk/serviceAccounts/escorts-uk@appspot.gserviceaccount.com:testIamPermissions {"error":{"code":404,"message":"Unknown service account","status":"NOT_FOUND"}}
[debug] [2025-02-23T02:16:58.556Z] [functions] service account IAM check errored, deploy may fail: Request to https://iam.googleapis.com/v1/projects/escorts-uk/serviceAccounts/escorts-uk@appspot.gserviceaccount.com:testIamPermissions had HTTP Error: 404, Unknown service account {"name":"FirebaseError","children":[],"context":{"body":{"error":{"code":404,"message":"Unknown service account","status":"NOT_FOUND"}},"response":{"statusCode":404}},"exit":1,"message":"Request to https://iam.googleapis.com/v1/projects/escorts-uk/serviceAccounts/escorts-uk@appspot.gserviceaccount.com:testIamPermissions had HTTP Error: 404, Unknown service account","status":404}
[info] 
[info] === Deploying to 'escorts-uk'...
[info] 
[info] i  deploying functions 
[info] +  functions: Finished running predeploy script. 
[debug] [2025-02-23T02:16:58.560Z] Checked if tokens are valid: true, expires at: 1740280616257
[debug] [2025-02-23T02:16:58.560Z] Checked if tokens are valid: true, expires at: 1740280616257
[debug] [2025-02-23T02:16:58.560Z] >>> [apiv2][query] GET https://cloudresourcemanager.googleapis.com/v1/projects/escorts-uk [none]
[debug] [2025-02-23T02:16:58.744Z] <<< [apiv2][status] GET https://cloudresourcemanager.googleapis.com/v1/projects/escorts-uk 200
[debug] [2025-02-23T02:16:58.745Z] <<< [apiv2][body] GET https://cloudresourcemanager.googleapis.com/v1/projects/escorts-uk {"projectNumber":"265157451896","projectId":"escorts-uk","lifecycleState":"ACTIVE","name":"escorts-uk","labels":{"firebase":"enabled","firebase-core":"disabled"},"createTime":"2025-02-22T14:17:01.125304Z"}
[info] i  functions: preparing codebase default for deployment 
[info] i  functions: ensuring required API cloudfunctions.googleapis.com is enabled... 
[debug] [2025-02-23T02:16:58.746Z] Checked if tokens are valid: true, expires at: 1740280616257
[debug] [2025-02-23T02:16:58.746Z] Checked if tokens are valid: true, expires at: 1740280616257
[debug] [2025-02-23T02:16:58.746Z] Checked if tokens are valid: true, expires at: 1740280616257
[debug] [2025-02-23T02:16:58.746Z] Checked if tokens are valid: true, expires at: 1740280616257
[info] i  functions: ensuring required API cloudbuild.googleapis.com is enabled... 
[debug] [2025-02-23T02:16:58.746Z] Checked if tokens are valid: true, expires at: 1740280616257
[debug] [2025-02-23T02:16:58.746Z] Checked if tokens are valid: true, expires at: 1740280616257
[info] i  artifactregistry: ensuring required API artifactregistry.googleapis.com is enabled... 
[debug] [2025-02-23T02:16:58.747Z] Checked if tokens are valid: true, expires at: 1740280616257
[debug] [2025-02-23T02:16:58.747Z] Checked if tokens are valid: true, expires at: 1740280616257
[debug] [2025-02-23T02:16:58.747Z] >>> [apiv2][query] GET https://serviceusage.googleapis.com/v1/projects/escorts-uk/services/cloudfunctions.googleapis.com [none]
[debug] [2025-02-23T02:16:58.747Z] >>> [apiv2][(partial)header] GET https://serviceusage.googleapis.com/v1/projects/escorts-uk/services/cloudfunctions.googleapis.com x-goog-quota-user=projects/escorts-uk
[debug] [2025-02-23T02:16:58.748Z] >>> [apiv2][query] GET https://serviceusage.googleapis.com/v1/projects/escorts-uk/services/runtimeconfig.googleapis.com [none]
[debug] [2025-02-23T02:16:58.748Z] >>> [apiv2][(partial)header] GET https://serviceusage.googleapis.com/v1/projects/escorts-uk/services/runtimeconfig.googleapis.com x-goog-quota-user=projects/escorts-uk
[debug] [2025-02-23T02:16:58.749Z] >>> [apiv2][query] GET https://serviceusage.googleapis.com/v1/projects/escorts-uk/services/cloudbuild.googleapis.com [none]
[debug] [2025-02-23T02:16:58.749Z] >>> [apiv2][(partial)header] GET https://serviceusage.googleapis.com/v1/projects/escorts-uk/services/cloudbuild.googleapis.com x-goog-quota-user=projects/escorts-uk
[debug] [2025-02-23T02:16:58.750Z] >>> [apiv2][query] GET https://serviceusage.googleapis.com/v1/projects/escorts-uk/services/artifactregistry.googleapis.com [none]
[debug] [2025-02-23T02:16:58.750Z] >>> [apiv2][(partial)header] GET https://serviceusage.googleapis.com/v1/projects/escorts-uk/services/artifactregistry.googleapis.com x-goog-quota-user=projects/escorts-uk
[debug] [2025-02-23T02:16:59.558Z] <<< [apiv2][status] GET https://serviceusage.googleapis.com/v1/projects/escorts-uk/services/cloudfunctions.googleapis.com 200
[debug] [2025-02-23T02:16:59.558Z] <<< [apiv2][body] GET https://serviceusage.googleapis.com/v1/projects/escorts-uk/services/cloudfunctions.googleapis.com [omitted]
[info] +  functions: required API cloudfunctions.googleapis.com is enabled 
[debug] [2025-02-23T02:16:59.575Z] <<< [apiv2][status] GET https://serviceusage.googleapis.com/v1/projects/escorts-uk/services/runtimeconfig.googleapis.com 200
[debug] [2025-02-23T02:16:59.575Z] <<< [apiv2][body] GET https://serviceusage.googleapis.com/v1/projects/escorts-uk/services/runtimeconfig.googleapis.com [omitted]
[debug] [2025-02-23T02:16:59.586Z] <<< [apiv2][status] GET https://serviceusage.googleapis.com/v1/projects/escorts-uk/services/artifactregistry.googleapis.com 200
[debug] [2025-02-23T02:16:59.586Z] <<< [apiv2][body] GET https://serviceusage.googleapis.com/v1/projects/escorts-uk/services/artifactregistry.googleapis.com [omitted]
[info] +  artifactregistry: required API artifactregistry.googleapis.com is enabled 
[debug] [2025-02-23T02:16:59.587Z] <<< [apiv2][status] GET https://serviceusage.googleapis.com/v1/projects/escorts-uk/services/cloudbuild.googleapis.com 200
[debug] [2025-02-23T02:16:59.588Z] <<< [apiv2][body] GET https://serviceusage.googleapis.com/v1/projects/escorts-uk/services/cloudbuild.googleapis.com [omitted]
[info] +  functions: required API cloudbuild.googleapis.com is enabled 
[debug] [2025-02-23T02:16:59.588Z] Checked if tokens are valid: true, expires at: 1740280616257
[debug] [2025-02-23T02:16:59.588Z] Checked if tokens are valid: true, expires at: 1740280616257
[debug] [2025-02-23T02:16:59.588Z] >>> [apiv2][query] GET https://firebase.googleapis.com/v1beta1/projects/escorts-uk/adminSdkConfig [none]
[debug] [2025-02-23T02:16:59.998Z] <<< [apiv2][status] GET https://firebase.googleapis.com/v1beta1/projects/escorts-uk/adminSdkConfig 200
[debug] [2025-02-23T02:16:59.999Z] <<< [apiv2][body] GET https://firebase.googleapis.com/v1beta1/projects/escorts-uk/adminSdkConfig {"projectId":"escorts-uk","storageBucket":"escorts-uk.firebasestorage.app"}
[debug] [2025-02-23T02:16:59.999Z] Checked if tokens are valid: true, expires at: 1740280616257
[debug] [2025-02-23T02:16:59.999Z] Checked if tokens are valid: true, expires at: 1740280616257
[debug] [2025-02-23T02:16:59.999Z] >>> [apiv2][query] GET https://runtimeconfig.googleapis.com/v1beta1/projects/escorts-uk/configs [none]
[debug] [2025-02-23T02:17:00.294Z] <<< [apiv2][status] GET https://runtimeconfig.googleapis.com/v1beta1/projects/escorts-uk/configs 200
[debug] [2025-02-23T02:17:00.294Z] <<< [apiv2][body] GET https://runtimeconfig.googleapis.com/v1beta1/projects/escorts-uk/configs {"configs":[{"name":"projects/escorts-uk/configs/stripe"}]}
[debug] [2025-02-23T02:17:00.294Z] Checked if tokens are valid: true, expires at: 1740280616257
[debug] [2025-02-23T02:17:00.294Z] Checked if tokens are valid: true, expires at: 1740280616257
[debug] [2025-02-23T02:17:00.294Z] >>> [apiv2][query] GET https://runtimeconfig.googleapis.com/v1beta1/projects/escorts-uk/configs/stripe/variables [none]
[debug] [2025-02-23T02:17:00.601Z] <<< [apiv2][status] GET https://runtimeconfig.googleapis.com/v1beta1/projects/escorts-uk/configs/stripe/variables 200
[debug] [2025-02-23T02:17:00.601Z] <<< [apiv2][body] GET https://runtimeconfig.googleapis.com/v1beta1/projects/escorts-uk/configs/stripe/variables {"variables":[{"name":"projects/escorts-uk/configs/stripe/variables/webhook_secret","updateTime":"2025-02-22T22:42:44.489390004Z"},{"name":"projects/escorts-uk/configs/stripe/variables/secret","updateTime":"2025-02-22T22:06:26.778441784Z"},{"name":"projects/escorts-uk/configs/stripe/variables/secret_key","updateTime":"2025-02-23T00:33:44.833527900Z"}]}
[debug] [2025-02-23T02:17:00.601Z] Checked if tokens are valid: true, expires at: 1740280616257
[debug] [2025-02-23T02:17:00.601Z] Checked if tokens are valid: true, expires at: 1740280616257
[debug] [2025-02-23T02:17:00.601Z] Checked if tokens are valid: true, expires at: 1740280616257
[debug] [2025-02-23T02:17:00.601Z] Checked if tokens are valid: true, expires at: 1740280616257
[debug] [2025-02-23T02:17:00.601Z] Checked if tokens are valid: true, expires at: 1740280616257
[debug] [2025-02-23T02:17:00.601Z] Checked if tokens are valid: true, expires at: 1740280616257
[debug] [2025-02-23T02:17:00.601Z] >>> [apiv2][query] GET https://runtimeconfig.googleapis.com/v1beta1/projects/escorts-uk/configs/stripe/variables/webhook_secret [none]
[debug] [2025-02-23T02:17:00.602Z] >>> [apiv2][query] GET https://runtimeconfig.googleapis.com/v1beta1/projects/escorts-uk/configs/stripe/variables/secret [none]
[debug] [2025-02-23T02:17:00.603Z] >>> [apiv2][query] GET https://runtimeconfig.googleapis.com/v1beta1/projects/escorts-uk/configs/stripe/variables/secret_key [none]
[debug] [2025-02-23T02:17:00.780Z] <<< [apiv2][status] GET https://runtimeconfig.googleapis.com/v1beta1/projects/escorts-uk/configs/stripe/variables/webhook_secret 200
[debug] [2025-02-23T02:17:00.780Z] <<< [apiv2][body] GET https://runtimeconfig.googleapis.com/v1beta1/projects/escorts-uk/configs/stripe/variables/webhook_secret {"name":"projects/escorts-uk/configs/stripe/variables/webhook_secret","updateTime":"2025-02-22T22:42:44.489390004Z","text":"whsec_0sktREylLrzxdNgtY7iT6Onewna8dDT7"}
[debug] [2025-02-23T02:17:00.849Z] <<< [apiv2][status] GET https://runtimeconfig.googleapis.com/v1beta1/projects/escorts-uk/configs/stripe/variables/secret 200
[debug] [2025-02-23T02:17:00.849Z] <<< [apiv2][body] GET https://runtimeconfig.googleapis.com/v1beta1/projects/escorts-uk/configs/stripe/variables/secret {"name":"projects/escorts-uk/configs/stripe/variables/secret","updateTime":"2025-02-22T22:06:26.778441784Z","text":"sk_test_51QvPr7DWzdFGLvwk82tTPlACXTKYvWMueQB5iqCAWQMIZuydgWUhHRJQ43BRvvPv0RqjEZZUwR0OtGq0DXSdpiZh00iJVe8wnB"}
[debug] [2025-02-23T02:17:00.852Z] <<< [apiv2][status] GET https://runtimeconfig.googleapis.com/v1beta1/projects/escorts-uk/configs/stripe/variables/secret_key 200
[debug] [2025-02-23T02:17:00.852Z] <<< [apiv2][body] GET https://runtimeconfig.googleapis.com/v1beta1/projects/escorts-uk/configs/stripe/variables/secret_key {"name":"projects/escorts-uk/configs/stripe/variables/secret_key","updateTime":"2025-02-23T00:33:44.833527900Z","text":"sk_test_51QvPr7DWzdFGLvwk82tTPlACXTKYvWMueQB5iqCAWQMIZuydgWUhHRJQ43BRvvPv0RqjEZZUwR0OtGq0DXSdpiZh00iJVe8wnB"}
[debug] [2025-02-23T02:17:00.853Z] Validating nodejs source
[debug] [2025-02-23T02:17:01.655Z] > [functions] package.json contents: {
  "name": "functions",
  "description": "Cloud Functions for Firebase",
  "scripts": {
    "lint": "eslint .",
    "serve": "firebase emulators:start --only functions",
    "shell": "firebase functions:shell",
    "start": "npm run shell",
    "deploy": "firebase deploy --only functions",
    "logs": "firebase functions:log"
  },
  "engines": {
    "node": "22"
  },
  "main": "index.js",
  "dependencies": {
    "cors": "^2.8.5",
    "express": "^4.21.2",
    "firebase-admin": "^12.6.0",
    "firebase-functions": "^6.0.1",
    "stripe": "^17.6.0"
  },
  "devDependencies": {
    "eslint": "^8.15.0",
    "eslint-config-google": "^0.14.0",
    "firebase-functions-test": "^3.1.0"
  },
  "private": true
}
[debug] [2025-02-23T02:17:01.655Z] Building nodejs source
[info] i  functions: Loading and analyzing source code for codebase default to determine what to deploy 
[debug] [2025-02-23T02:17:01.656Z] Could not find functions.yaml. Must use http discovery
[debug] [2025-02-23T02:17:01.662Z] Found firebase-functions binary at 'C:\Users\lucas\Desktop\escort-project\functions\node_modules\.bin\firebase-functions'
[info] Serving at port 8468

[debug] [2025-02-23T02:17:02.329Z] Got response from /__/functions.yaml {"endpoints":{"api":{"availableMemoryMb":null,"timeoutSeconds":null,"minInstances":null,"maxInstances":null,"ingressSettings":null,"concurrency":null,"serviceAccountEmail":null,"vpc":null,"platform":"gcfv2","labels":{},"httpsTrigger":{},"entryPoint":"api"}},"specVersion":"v1alpha1","requiredAPIs":[],"extensions":{}}
[info] i  extensions: ensuring required API firebaseextensions.googleapis.com is enabled... 
[debug] [2025-02-23T02:17:06.366Z] Checked if tokens are valid: true, expires at: 1740280616257
[debug] [2025-02-23T02:17:06.366Z] Checked if tokens are valid: true, expires at: 1740280616257
[debug] [2025-02-23T02:17:06.366Z] >>> [apiv2][query] GET https://serviceusage.googleapis.com/v1/projects/escorts-uk/services/firebaseextensions.googleapis.com [none]
[debug] [2025-02-23T02:17:06.367Z] >>> [apiv2][(partial)header] GET https://serviceusage.googleapis.com/v1/projects/escorts-uk/services/firebaseextensions.googleapis.com x-goog-quota-user=projects/escorts-uk
[debug] [2025-02-23T02:17:07.161Z] <<< [apiv2][status] GET https://serviceusage.googleapis.com/v1/projects/escorts-uk/services/firebaseextensions.googleapis.com 200
[debug] [2025-02-23T02:17:07.161Z] <<< [apiv2][body] GET https://serviceusage.googleapis.com/v1/projects/escorts-uk/services/firebaseextensions.googleapis.com [omitted]
[info] +  extensions: required API firebaseextensions.googleapis.com is enabled 
[debug] [2025-02-23T02:17:07.161Z] > command requires scopes: ["email","openid","https://www.googleapis.com/auth/cloudplatformprojects.readonly","https://www.googleapis.com/auth/firebase","https://www.googleapis.com/auth/cloud-platform"]
[debug] [2025-02-23T02:17:07.161Z] > authorizing via signed-in user (lucasbolla.uk@gmail.com)
[debug] [2025-02-23T02:17:07.162Z] [iam] checking project escorts-uk for permissions ["firebase.projects.get","firebaseextensions.instances.list"]
[debug] [2025-02-23T02:17:07.162Z] Checked if tokens are valid: true, expires at: 1740280616257
[debug] [2025-02-23T02:17:07.162Z] Checked if tokens are valid: true, expires at: 1740280616257
[debug] [2025-02-23T02:17:07.162Z] >>> [apiv2][query] POST https://cloudresourcemanager.googleapis.com/v1/projects/escorts-uk:testIamPermissions [none]
[debug] [2025-02-23T02:17:07.162Z] >>> [apiv2][(partial)header] POST https://cloudresourcemanager.googleapis.com/v1/projects/escorts-uk:testIamPermissions x-goog-quota-user=projects/escorts-uk
[debug] [2025-02-23T02:17:07.162Z] >>> [apiv2][body] POST https://cloudresourcemanager.googleapis.com/v1/projects/escorts-uk:testIamPermissions {"permissions":["firebase.projects.get","firebaseextensions.instances.list"]}
[debug] [2025-02-23T02:17:07.784Z] <<< [apiv2][status] POST https://cloudresourcemanager.googleapis.com/v1/projects/escorts-uk:testIamPermissions 200
[debug] [2025-02-23T02:17:07.784Z] <<< [apiv2][body] POST https://cloudresourcemanager.googleapis.com/v1/projects/escorts-uk:testIamPermissions {"permissions":["firebase.projects.get","firebaseextensions.instances.list"]}
[debug] [2025-02-23T02:17:07.784Z] Checked if tokens are valid: true, expires at: 1740280616257
[debug] [2025-02-23T02:17:07.784Z] Checked if tokens are valid: true, expires at: 1740280616257
[debug] [2025-02-23T02:17:07.784Z] >>> [apiv2][query] GET https://firebaseextensions.googleapis.com/v1beta/projects/escorts-uk/instances pageSize=100&pageToken=
[debug] [2025-02-23T02:17:08.531Z] <<< [apiv2][status] GET https://firebaseextensions.googleapis.com/v1beta/projects/escorts-uk/instances 200
[debug] [2025-02-23T02:17:08.531Z] <<< [apiv2][body] GET https://firebaseextensions.googleapis.com/v1beta/projects/escorts-uk/instances {}
[info] i  functions: preparing functions directory for uploading... 
[info] i  functions: packaged C:\Users\lucas\Desktop\escort-project\functions (71.74 KB) for uploading 
[debug] [2025-02-23T02:17:08.563Z] Checked if tokens are valid: true, expires at: 1740280616257
[debug] [2025-02-23T02:17:08.563Z] Checked if tokens are valid: true, expires at: 1740280616257
[debug] [2025-02-23T02:17:08.563Z] >>> [apiv2][query] GET https://cloudfunctions.googleapis.com/v1/projects/escorts-uk/locations/-/functions [none]
[debug] [2025-02-23T02:17:09.174Z] <<< [apiv2][status] GET https://cloudfunctions.googleapis.com/v1/projects/escorts-uk/locations/-/functions 200
[debug] [2025-02-23T02:17:09.174Z] <<< [apiv2][body] GET https://cloudfunctions.googleapis.com/v1/projects/escorts-uk/locations/-/functions {}
[debug] [2025-02-23T02:17:09.174Z] Checked if tokens are valid: true, expires at: 1740280616257
[debug] [2025-02-23T02:17:09.174Z] Checked if tokens are valid: true, expires at: 1740280616257
[debug] [2025-02-23T02:17:09.174Z] >>> [apiv2][query] GET https://cloudfunctions.googleapis.com/v2/projects/escorts-uk/locations/-/functions filter=environment%3D%22GEN_2%22
[debug] [2025-02-23T02:17:10.150Z] <<< [apiv2][status] GET https://cloudfunctions.googleapis.com/v2/projects/escorts-uk/locations/-/functions 200
[debug] [2025-02-23T02:17:10.151Z] <<< [apiv2][body] GET https://cloudfunctions.googleapis.com/v2/projects/escorts-uk/locations/-/functions {"functions":[{"name":"projects/escorts-uk/locations/us-central1/functions/api","buildConfig":{"build":"projects/265157451896/locations/us-central1/builds/f2a09a12-6e18-4d19-8bab-a4f5fca15ef6","runtime":"nodejs22","entryPoint":"api","source":{"storageSource":{"bucket":"gcf-v2-sources-265157451896-us-central1","object":"api/function-source.zip","generation":"1740276100719773"}},"environmentVariables":{"GOOGLE_NODE_RUN_SCRIPTS":""},"dockerRepository":"projects/escorts-uk/locations/us-central1/repositories/gcf-artifacts","sourceProvenance":{"resolvedStorageSource":{"bucket":"gcf-v2-sources-265157451896-us-central1","object":"api/function-source.zip","generation":"1740276100719773"}},"dockerRegistry":"ARTIFACT_REGISTRY","serviceAccount":"projects/escorts-uk/serviceAccounts/265157451896-compute@developer.gserviceaccount.com","automaticUpdatePolicy":{}},"serviceConfig":{"service":"projects/escorts-uk/locations/us-central1/services/api","timeoutSeconds":60,"environmentVariables":{"FIREBASE_CONFIG":"{\"projectId\":\"escorts-uk\",\"storageBucket\":\"escorts-uk.firebasestorage.app\"}","GCLOUD_PROJECT":"escorts-uk","EVENTARC_CLOUD_EVENT_SOURCE":"projects/escorts-uk/locations/us-central1/services/api","FUNCTION_TARGET":"api","LOG_EXECUTION_ID":"true"},"maxInstanceCount":100,"ingressSettings":"ALLOW_ALL","uri":"https://api-vthgvowqha-uc.a.run.app","serviceAccountEmail":"265157451896-compute@developer.gserviceaccount.com","availableMemory":"256Mi","allTrafficOnLatestRevision":true,"revision":"api-00014-sub","maxInstanceRequestConcurrency":80,"availableCpu":"1"},"state":"ACTIVE","updateTime":"2025-02-23T02:02:31.471283635Z","labels":{"firebase-functions-hash":"4f597a0aa256f2d8f00961e8c0dcddd7c08be83e","deployment-tool":"cli-firebase"},"environment":"GEN_2","url":"https://us-central1-escorts-uk.cloudfunctions.net/api","createTime":"2025-02-22T23:43:21.837910469Z","satisfiesPzi":true}]}
[info] i  functions: ensuring required API run.googleapis.com is enabled... 
[debug] [2025-02-23T02:17:10.153Z] Checked if tokens are valid: true, expires at: 1740280616257
[debug] [2025-02-23T02:17:10.153Z] Checked if tokens are valid: true, expires at: 1740280616257
[info] i  functions: ensuring required API eventarc.googleapis.com is enabled... 
[debug] [2025-02-23T02:17:10.153Z] Checked if tokens are valid: true, expires at: 1740280616257
[debug] [2025-02-23T02:17:10.153Z] Checked if tokens are valid: true, expires at: 1740280616257
[info] i  functions: ensuring required API pubsub.googleapis.com is enabled... 
[debug] [2025-02-23T02:17:10.154Z] Checked if tokens are valid: true, expires at: 1740280616257
[debug] [2025-02-23T02:17:10.154Z] Checked if tokens are valid: true, expires at: 1740280616257
[info] i  functions: ensuring required API storage.googleapis.com is enabled... 
[debug] [2025-02-23T02:17:10.154Z] Checked if tokens are valid: true, expires at: 1740280616257
[debug] [2025-02-23T02:17:10.154Z] Checked if tokens are valid: true, expires at: 1740280616257
[debug] [2025-02-23T02:17:10.154Z] >>> [apiv2][query] GET https://serviceusage.googleapis.com/v1/projects/escorts-uk/services/run.googleapis.com [none]
[debug] [2025-02-23T02:17:10.154Z] >>> [apiv2][(partial)header] GET https://serviceusage.googleapis.com/v1/projects/escorts-uk/services/run.googleapis.com x-goog-quota-user=projects/escorts-uk
[debug] [2025-02-23T02:17:10.155Z] >>> [apiv2][query] GET https://serviceusage.googleapis.com/v1/projects/escorts-uk/services/eventarc.googleapis.com [none]
[debug] [2025-02-23T02:17:10.155Z] >>> [apiv2][(partial)header] GET https://serviceusage.googleapis.com/v1/projects/escorts-uk/services/eventarc.googleapis.com x-goog-quota-user=projects/escorts-uk
[debug] [2025-02-23T02:17:10.156Z] >>> [apiv2][query] GET https://serviceusage.googleapis.com/v1/projects/escorts-uk/services/pubsub.googleapis.com [none]
[debug] [2025-02-23T02:17:10.156Z] >>> [apiv2][(partial)header] GET https://serviceusage.googleapis.com/v1/projects/escorts-uk/services/pubsub.googleapis.com x-goog-quota-user=projects/escorts-uk
[debug] [2025-02-23T02:17:10.157Z] >>> [apiv2][query] GET https://serviceusage.googleapis.com/v1/projects/escorts-uk/services/storage.googleapis.com [none]
[debug] [2025-02-23T02:17:10.157Z] >>> [apiv2][(partial)header] GET https://serviceusage.googleapis.com/v1/projects/escorts-uk/services/storage.googleapis.com x-goog-quota-user=projects/escorts-uk
[debug] [2025-02-23T02:17:10.906Z] <<< [apiv2][status] GET https://serviceusage.googleapis.com/v1/projects/escorts-uk/services/run.googleapis.com 200
[debug] [2025-02-23T02:17:10.907Z] <<< [apiv2][body] GET https://serviceusage.googleapis.com/v1/projects/escorts-uk/services/run.googleapis.com [omitted]
[info] +  functions: required API run.googleapis.com is enabled 
[debug] [2025-02-23T02:17:10.942Z] <<< [apiv2][status] GET https://serviceusage.googleapis.com/v1/projects/escorts-uk/services/storage.googleapis.com 200
[debug] [2025-02-23T02:17:10.943Z] <<< [apiv2][body] GET https://serviceusage.googleapis.com/v1/projects/escorts-uk/services/storage.googleapis.com [omitted]
[info] +  functions: required API storage.googleapis.com is enabled 
[debug] [2025-02-23T02:17:10.955Z] <<< [apiv2][status] GET https://serviceusage.googleapis.com/v1/projects/escorts-uk/services/eventarc.googleapis.com 200
[debug] [2025-02-23T02:17:10.955Z] <<< [apiv2][body] GET https://serviceusage.googleapis.com/v1/projects/escorts-uk/services/eventarc.googleapis.com [omitted]
[info] +  functions: required API eventarc.googleapis.com is enabled 
[debug] [2025-02-23T02:17:11.081Z] <<< [apiv2][status] GET https://serviceusage.googleapis.com/v1/projects/escorts-uk/services/pubsub.googleapis.com 200
[debug] [2025-02-23T02:17:11.081Z] <<< [apiv2][body] GET https://serviceusage.googleapis.com/v1/projects/escorts-uk/services/pubsub.googleapis.com [omitted]
[info] +  functions: required API pubsub.googleapis.com is enabled 
[info] i  functions: generating the service identity for pubsub.googleapis.com... 
[debug] [2025-02-23T02:17:11.082Z] Checked if tokens are valid: true, expires at: 1740280616257
[debug] [2025-02-23T02:17:11.082Z] Checked if tokens are valid: true, expires at: 1740280616257
[info] i  functions: generating the service identity for eventarc.googleapis.com... 
[debug] [2025-02-23T02:17:11.082Z] Checked if tokens are valid: true, expires at: 1740280616257
[debug] [2025-02-23T02:17:11.082Z] Checked if tokens are valid: true, expires at: 1740280616257
[debug] [2025-02-23T02:17:11.082Z] >>> [apiv2][query] POST https://serviceusage.googleapis.com/v1beta1/projects/265157451896/services/pubsub.googleapis.com:generateServiceIdentity [none]
[debug] [2025-02-23T02:17:11.083Z] >>> [apiv2][query] POST https://serviceusage.googleapis.com/v1beta1/projects/265157451896/services/eventarc.googleapis.com:generateServiceIdentity [none]
[debug] [2025-02-23T02:17:11.832Z] <<< [apiv2][status] POST https://serviceusage.googleapis.com/v1beta1/projects/265157451896/services/eventarc.googleapis.com:generateServiceIdentity 200
[debug] [2025-02-23T02:17:11.832Z] <<< [apiv2][body] POST https://serviceusage.googleapis.com/v1beta1/projects/265157451896/services/eventarc.googleapis.com:generateServiceIdentity {"name":"operations/finished.DONE_OPERATION","done":true,"response":{"@type":"type.googleapis.com/google.api.serviceusage.v1beta1.ServiceIdentity","email":"service-265157451896@gcp-sa-eventarc.iam.gserviceaccount.com","uniqueId":"111404548999479218292"}}
[debug] [2025-02-23T02:17:11.860Z] <<< [apiv2][status] POST https://serviceusage.googleapis.com/v1beta1/projects/265157451896/services/pubsub.googleapis.com:generateServiceIdentity 200
[debug] [2025-02-23T02:17:11.860Z] <<< [apiv2][body] POST https://serviceusage.googleapis.com/v1beta1/projects/265157451896/services/pubsub.googleapis.com:generateServiceIdentity {"name":"operations/finished.DONE_OPERATION","done":true,"response":{"@type":"type.googleapis.com/google.api.serviceusage.v1beta1.ServiceIdentity","email":"service-265157451896@gcp-sa-pubsub.iam.gserviceaccount.com","uniqueId":"112032841824878025577"}}
[debug] [2025-02-23T02:17:11.861Z] Checked if tokens are valid: true, expires at: 1740280616257
[debug] [2025-02-23T02:17:11.861Z] Checked if tokens are valid: true, expires at: 1740280616257
[debug] [2025-02-23T02:17:11.861Z] >>> [apiv2][query] GET https://cloudresourcemanager.googleapis.com/v1/projects/escorts-uk [none]
[debug] [2025-02-23T02:17:12.041Z] <<< [apiv2][status] GET https://cloudresourcemanager.googleapis.com/v1/projects/escorts-uk 200
[debug] [2025-02-23T02:17:12.041Z] <<< [apiv2][body] GET https://cloudresourcemanager.googleapis.com/v1/projects/escorts-uk {"projectNumber":"265157451896","projectId":"escorts-uk","lifecycleState":"ACTIVE","name":"escorts-uk","labels":{"firebase":"enabled","firebase-core":"disabled"},"createTime":"2025-02-22T14:17:01.125304Z"}
[debug] [2025-02-23T02:17:12.042Z] Checked if tokens are valid: true, expires at: 1740280616257
[debug] [2025-02-23T02:17:12.042Z] Checked if tokens are valid: true, expires at: 1740280616257
[debug] [2025-02-23T02:17:12.042Z] >>> [apiv2][query] GET https://cloudbilling.googleapis.com/v1/projects/escorts-uk/billingInfo [none]
[debug] [2025-02-23T02:17:12.824Z] <<< [apiv2][status] GET https://cloudbilling.googleapis.com/v1/projects/escorts-uk/billingInfo 200
[debug] [2025-02-23T02:17:12.824Z] <<< [apiv2][body] GET https://cloudbilling.googleapis.com/v1/projects/escorts-uk/billingInfo {"name":"projects/escorts-uk/billingInfo","projectId":"escorts-uk","billingAccountName":"billingAccounts/019025-B121AE-7E4D23","billingEnabled":true}
[debug] [2025-02-23T02:17:12.825Z] Checked if tokens are valid: true, expires at: 1740280616257
[debug] [2025-02-23T02:17:12.825Z] Checked if tokens are valid: true, expires at: 1740280616257
[debug] [2025-02-23T02:17:12.825Z] >>> [apiv2][query] POST https://cloudfunctions.googleapis.com/v2/projects/escorts-uk/locations/us-central1/functions:generateUploadUrl [none]
[debug] [2025-02-23T02:17:13.572Z] <<< [apiv2][status] POST https://cloudfunctions.googleapis.com/v2/projects/escorts-uk/locations/us-central1/functions:generateUploadUrl 200
[debug] [2025-02-23T02:17:13.572Z] <<< [apiv2][body] POST https://cloudfunctions.googleapis.com/v2/projects/escorts-uk/locations/us-central1/functions:generateUploadUrl {"uploadUrl":"https://storage.googleapis.com/gcf-v2-uploads-265157451896.us-central1.cloudfunctions.appspot.com/25fe4282-10e2-4e38-a310-6379deb69b71.zip?GoogleAccessId=service-265157451896@gcf-admin-robot.iam.gserviceaccount.com&Expires=1740278833&Signature=bApkvyNFi2Fm0gcFuIqgSg8%2BKQpCGJFbdfB0p0HeeY7PVXorIS0Hs9QMA4tNmnHscLR5%2Fvv1cfG4lvd3Pab%2FwxhCt02au%2FMFTrfXrOc%2B5kw%2FTYbc6LWnuCdwrKVRQfsh3BofI1O04kkYAXkyLTKavxZtkJ9%2F2%2Fus3L4nebyFa37WvI5R1bdVpgKVcJD62S6gpBVDW1dHUu89Nt2EnKFInaEScgtwhj8AZTXiCyzBXX5sruCPzpATo9sk1SJgyCHkbmv9jSj91odzCHkT0syVNp%2ByPDF%2F9qXhVlkORJSaQ8V7IyQ4vzQugXbzHbUhZ7oCz100ocYVUcPOU2b8fL3xUQ%3D%3D","storageSource":{"bucket":"gcf-v2-uploads-265157451896.us-central1.cloudfunctions.appspot.com","object":"25fe4282-10e2-4e38-a310-6379deb69b71.zip"}}
[debug] [2025-02-23T02:17:13.572Z] >>> [apiv2][query] PUT https://storage.googleapis.com/gcf-v2-uploads-265157451896.us-central1.cloudfunctions.appspot.com/25fe4282-10e2-4e38-a310-6379deb69b71.zip GoogleAccessId=service-265157451896%40gcf-admin-robot.iam.gserviceaccount.com&Expires=1740278833&Signature=bApkvyNFi2Fm0gcFuIqgSg8%2BKQpCGJFbdfB0p0HeeY7PVXorIS0Hs9QMA4tNmnHscLR5%2Fvv1cfG4lvd3Pab%2FwxhCt02au%2FMFTrfXrOc%2B5kw%2FTYbc6LWnuCdwrKVRQfsh3BofI1O04kkYAXkyLTKavxZtkJ9%2F2%2Fus3L4nebyFa37WvI5R1bdVpgKVcJD62S6gpBVDW1dHUu89Nt2EnKFInaEScgtwhj8AZTXiCyzBXX5sruCPzpATo9sk1SJgyCHkbmv9jSj91odzCHkT0syVNp%2ByPDF%2F9qXhVlkORJSaQ8V7IyQ4vzQugXbzHbUhZ7oCz100ocYVUcPOU2b8fL3xUQ%3D%3D
[debug] [2025-02-23T02:17:13.572Z] >>> [apiv2][body] PUT https://storage.googleapis.com/gcf-v2-uploads-265157451896.us-central1.cloudfunctions.appspot.com/25fe4282-10e2-4e38-a310-6379deb69b71.zip [stream]
[debug] [2025-02-23T02:17:14.075Z] <<< [apiv2][status] PUT https://storage.googleapis.com/gcf-v2-uploads-265157451896.us-central1.cloudfunctions.appspot.com/25fe4282-10e2-4e38-a310-6379deb69b71.zip 200
[debug] [2025-02-23T02:17:14.075Z] <<< [apiv2][body] PUT https://storage.googleapis.com/gcf-v2-uploads-265157451896.us-central1.cloudfunctions.appspot.com/25fe4282-10e2-4e38-a310-6379deb69b71.zip [omitted]
[info] +  functions: functions folder uploaded successfully 
[info] i  functions: updating Node.js 22 (2nd Gen) function api(us-central1)... 
[debug] [2025-02-23T02:17:14.079Z] Checked if tokens are valid: true, expires at: 1740280616257
[debug] [2025-02-23T02:17:14.079Z] Checked if tokens are valid: true, expires at: 1740280616257
[debug] [2025-02-23T02:17:14.079Z] >>> [apiv2][query] PATCH https://cloudfunctions.googleapis.com/v2/projects/escorts-uk/locations/us-central1/functions/api updateMask=name%2CbuildConfig.runtime%2CbuildConfig.entryPoint%2CbuildConfig.source.storageSource.bucket%2CbuildConfig.source.storageSource.object%2CbuildConfig.environmentVariables%2CbuildConfig.sourceToken%2CserviceConfig.environmentVariables%2CserviceConfig.ingressSettings%2CserviceConfig.timeoutSeconds%2CserviceConfig.serviceAccountEmail%2CserviceConfig.availableMemory%2CserviceConfig.minInstanceCount%2CserviceConfig.maxInstanceCount%2CserviceConfig.maxInstanceRequestConcurrency%2CserviceConfig.availableCpu%2CserviceConfig.vpcConnector%2CserviceConfig.vpcConnectorEgressSettings%2Clabels%2CbuildConfig.buildEnvironmentVariables
[debug] [2025-02-23T02:17:14.079Z] >>> [apiv2][body] PATCH https://cloudfunctions.googleapis.com/v2/projects/escorts-uk/locations/us-central1/functions/api {"name":"projects/escorts-uk/locations/us-central1/functions/api","buildConfig":{"runtime":"nodejs22","entryPoint":"api","source":{"storageSource":{"bucket":"gcf-v2-uploads-265157451896.us-central1.cloudfunctions.appspot.com","object":"25fe4282-10e2-4e38-a310-6379deb69b71.zip"}},"environmentVariables":{"GOOGLE_NODE_RUN_SCRIPTS":""}},"serviceConfig":{"environmentVariables":{"FIREBASE_CONFIG":"{\"projectId\":\"escorts-uk\",\"storageBucket\":\"escorts-uk.firebasestorage.app\"}","GCLOUD_PROJECT":"escorts-uk","EVENTARC_CLOUD_EVENT_SOURCE":"projects/escorts-uk/locations/us-central1/services/api","FUNCTION_TARGET":"api","LOG_EXECUTION_ID":"true"},"ingressSettings":null,"timeoutSeconds":null,"serviceAccountEmail":null,"availableMemory":"256Mi","minInstanceCount":null,"maxInstanceCount":null,"maxInstanceRequestConcurrency":80,"availableCpu":"1","vpcConnector":null,"vpcConnectorEgressSettings":null},"labels":{"deployment-tool":"cli-firebase","firebase-functions-hash":"1d7d8cc30142fcc00dc4f846b486df318e52e2c5"}}
[debug] [2025-02-23T02:17:15.444Z] <<< [apiv2][status] PATCH https://cloudfunctions.googleapis.com/v2/projects/escorts-uk/locations/us-central1/functions/api 200
[debug] [2025-02-23T02:17:15.444Z] <<< [apiv2][body] PATCH https://cloudfunctions.googleapis.com/v2/projects/escorts-uk/locations/us-central1/functions/api {"name":"projects/escorts-uk/locations/us-central1/operations/operation-1740277034613-62ec5d27579b1-75d6c6be-14285377","metadata":{"@type":"type.googleapis.com/google.cloud.functions.v2.OperationMetadata","createTime":"2025-02-23T02:17:15.275809536Z","target":"projects/escorts-uk/locations/us-central1/functions/api","verb":"update","cancelRequested":false,"apiVersion":"v2"},"done":false}
[debug] [2025-02-23T02:17:15.444Z] Checked if tokens are valid: true, expires at: 1740280616257
[debug] [2025-02-23T02:17:15.444Z] Checked if tokens are valid: true, expires at: 1740280616257
[debug] [2025-02-23T02:17:15.445Z] >>> [apiv2][query] GET https://cloudfunctions.googleapis.com/v2/projects/escorts-uk/locations/us-central1/operations/operation-1740277034613-62ec5d27579b1-75d6c6be-14285377 [none]
[debug] [2025-02-23T02:17:16.153Z] <<< [apiv2][status] GET https://cloudfunctions.googleapis.com/v2/projects/escorts-uk/locations/us-central1/operations/operation-1740277034613-62ec5d27579b1-75d6c6be-14285377 200
[debug] [2025-02-23T02:17:16.153Z] <<< [apiv2][body] GET https://cloudfunctions.googleapis.com/v2/projects/escorts-uk/locations/us-central1/operations/operation-1740277034613-62ec5d27579b1-75d6c6be-14285377 {"name":"projects/escorts-uk/locations/us-central1/operations/operation-1740277034613-62ec5d27579b1-75d6c6be-14285377","metadata":{"@type":"type.googleapis.com/google.cloud.functions.v2.OperationMetadata","createTime":"2025-02-23T02:17:15.275809536Z","target":"projects/escorts-uk/locations/us-central1/functions/api","verb":"update","cancelRequested":false,"apiVersion":"v2","requestResource":{"@type":"type.googleapis.com/google.cloud.functions.v2.Function","name":"projects/escorts-uk/locations/us-central1/functions/api","buildConfig":{"runtime":"nodejs22","entryPoint":"api","source":{"storageSource":{"bucket":"gcf-v2-sources-265157451896-us-central1","object":"api/function-source.zip","generation":"1740277035233647"}},"environmentVariables":{"GOOGLE_NODE_RUN_SCRIPTS":""},"dockerRepository":"projects/escorts-uk/locations/us-central1/repositories/gcf-artifacts","sourceProvenance":{"resolvedStorageSource":{"bucket":"gcf-v2-sources-265157451896-us-central1","object":"api/function-source.zip","generation":"1740276100719773"}},"dockerRegistry":"ARTIFACT_REGISTRY","serviceAccount":"projects/escorts-uk/serviceAccounts/265157451896-compute@developer.gserviceaccount.com","automaticUpdatePolicy":{}},"serviceConfig":{"service":"projects/escorts-uk/locations/us-central1/services/api","timeoutSeconds":60,"environmentVariables":{"FIREBASE_CONFIG":"{\"projectId\":\"escorts-uk\",\"storageBucket\":\"escorts-uk.firebasestorage.app\"}","GCLOUD_PROJECT":"escorts-uk","EVENTARC_CLOUD_EVENT_SOURCE":"projects/escorts-uk/locations/us-central1/services/api","FUNCTION_TARGET":"api","LOG_EXECUTION_ID":"true"},"ingressSettings":"ALLOW_ALL","uri":"https://api-vthgvowqha-uc.a.run.app","serviceAccountEmail":"265157451896-compute@developer.gserviceaccount.com","availableMemory":"256Mi","allTrafficOnLatestRevision":true,"revision":"api-00014-sub","maxInstanceRequestConcurrency":80,"availableCpu":"1"},"state":"ACTIVE","labels":{"deployment-tool":"cloudfunctions","firebase-functions-hash":"1d7d8cc30142fcc00dc4f846b486df318e52e2c5"},"environment":"GEN_2","url":"https://us-central1-escorts-uk.cloudfunctions.net/api","satisfiesPzi":true},"stages":[{"name":"BUILD","message":"Creating build","state":"IN_PROGRESS","resource":"projects/265157451896/locations/us-central1/builds/532554de-cdbd-46b7-8d86-7ffadda1b612","resourceUri":"https://console.cloud.google.com/cloud-build/builds;region=us-central1/532554de-cdbd-46b7-8d86-7ffadda1b612?project=265157451896"},{"name":"SERVICE","state":"NOT_STARTED"}],"operationType":"UPDATE_FUNCTION","buildName":"projects/265157451896/locations/us-central1/builds/532554de-cdbd-46b7-8d86-7ffadda1b612"},"done":false}
[debug] [2025-02-23T02:17:16.660Z] [update-default-us-central1-api] Retrying task index 0
[debug] [2025-02-23T02:17:16.660Z] Checked if tokens are valid: true, expires at: 1740280616257
[debug] [2025-02-23T02:17:16.660Z] Checked if tokens are valid: true, expires at: 1740280616257
[debug] [2025-02-23T02:17:16.660Z] >>> [apiv2][query] GET https://cloudfunctions.googleapis.com/v2/projects/escorts-uk/locations/us-central1/operations/operation-1740277034613-62ec5d27579b1-75d6c6be-14285377 [none]
[debug] [2025-02-23T02:17:17.352Z] <<< [apiv2][status] GET https://cloudfunctions.googleapis.com/v2/projects/escorts-uk/locations/us-central1/operations/operation-1740277034613-62ec5d27579b1-75d6c6be-14285377 200
[debug] [2025-02-23T02:17:17.353Z] <<< [apiv2][body] GET https://cloudfunctions.googleapis.com/v2/projects/escorts-uk/locations/us-central1/operations/operation-1740277034613-62ec5d27579b1-75d6c6be-14285377 {"name":"projects/escorts-uk/locations/us-central1/operations/operation-1740277034613-62ec5d27579b1-75d6c6be-14285377","metadata":{"@type":"type.googleapis.com/google.cloud.functions.v2.OperationMetadata","createTime":"2025-02-23T02:17:15.275809536Z","target":"projects/escorts-uk/locations/us-central1/functions/api","verb":"update","cancelRequested":false,"apiVersion":"v2","requestResource":{"@type":"type.googleapis.com/google.cloud.functions.v2.Function","name":"projects/escorts-uk/locations/us-central1/functions/api","buildConfig":{"runtime":"nodejs22","entryPoint":"api","source":{"storageSource":{"bucket":"gcf-v2-sources-265157451896-us-central1","object":"api/function-source.zip","generation":"1740277035233647"}},"environmentVariables":{"GOOGLE_NODE_RUN_SCRIPTS":""},"dockerRepository":"projects/escorts-uk/locations/us-central1/repositories/gcf-artifacts","sourceProvenance":{"resolvedStorageSource":{"bucket":"gcf-v2-sources-265157451896-us-central1","object":"api/function-source.zip","generation":"1740276100719773"}},"dockerRegistry":"ARTIFACT_REGISTRY","serviceAccount":"projects/escorts-uk/serviceAccounts/265157451896-compute@developer.gserviceaccount.com","automaticUpdatePolicy":{}},"serviceConfig":{"service":"projects/escorts-uk/locations/us-central1/services/api","timeoutSeconds":60,"environmentVariables":{"FIREBASE_CONFIG":"{\"projectId\":\"escorts-uk\",\"storageBucket\":\"escorts-uk.firebasestorage.app\"}","GCLOUD_PROJECT":"escorts-uk","EVENTARC_CLOUD_EVENT_SOURCE":"projects/escorts-uk/locations/us-central1/services/api","FUNCTION_TARGET":"api","LOG_EXECUTION_ID":"true"},"ingressSettings":"ALLOW_ALL","uri":"https://api-vthgvowqha-uc.a.run.app","serviceAccountEmail":"265157451896-compute@developer.gserviceaccount.com","availableMemory":"256Mi","allTrafficOnLatestRevision":true,"revision":"api-00014-sub","maxInstanceRequestConcurrency":80,"availableCpu":"1"},"state":"ACTIVE","labels":{"deployment-tool":"cloudfunctions","firebase-functions-hash":"1d7d8cc30142fcc00dc4f846b486df318e52e2c5"},"environment":"GEN_2","url":"https://us-central1-escorts-uk.cloudfunctions.net/api","satisfiesPzi":true},"stages":[{"name":"BUILD","message":"Build in progress","state":"IN_PROGRESS","resource":"projects/265157451896/locations/us-central1/builds/532554de-cdbd-46b7-8d86-7ffadda1b612","resourceUri":"https://console.cloud.google.com/cloud-build/builds;region=us-central1/532554de-cdbd-46b7-8d86-7ffadda1b612?project=265157451896"},{"name":"SERVICE","state":"NOT_STARTED"}],"operationType":"UPDATE_FUNCTION","buildName":"projects/265157451896/locations/us-central1/builds/532554de-cdbd-46b7-8d86-7ffadda1b612"},"done":false}
[debug] [2025-02-23T02:17:18.357Z] [update-default-us-central1-api] Retrying task index 0
[debug] [2025-02-23T02:17:18.358Z] Checked if tokens are valid: true, expires at: 1740280616257
[debug] [2025-02-23T02:17:18.358Z] Checked if tokens are valid: true, expires at: 1740280616257
[debug] [2025-02-23T02:17:18.358Z] >>> [apiv2][query] GET https://cloudfunctions.googleapis.com/v2/projects/escorts-uk/locations/us-central1/operations/operation-1740277034613-62ec5d27579b1-75d6c6be-14285377 [none]
[debug] [2025-02-23T02:17:19.040Z] <<< [apiv2][status] GET https://cloudfunctions.googleapis.com/v2/projects/escorts-uk/locations/us-central1/operations/operation-1740277034613-62ec5d27579b1-75d6c6be-14285377 200
[debug] [2025-02-23T02:17:19.040Z] <<< [apiv2][body] GET https://cloudfunctions.googleapis.com/v2/projects/escorts-uk/locations/us-central1/operations/operation-1740277034613-62ec5d27579b1-75d6c6be-14285377 {"name":"projects/escorts-uk/locations/us-central1/operations/operation-1740277034613-62ec5d27579b1-75d6c6be-14285377","metadata":{"@type":"type.googleapis.com/google.cloud.functions.v2.OperationMetadata","createTime":"2025-02-23T02:17:15.275809536Z","target":"projects/escorts-uk/locations/us-central1/functions/api","verb":"update","cancelRequested":false,"apiVersion":"v2","requestResource":{"@type":"type.googleapis.com/google.cloud.functions.v2.Function","name":"projects/escorts-uk/locations/us-central1/functions/api","buildConfig":{"runtime":"nodejs22","entryPoint":"api","source":{"storageSource":{"bucket":"gcf-v2-sources-265157451896-us-central1","object":"api/function-source.zip","generation":"1740277035233647"}},"environmentVariables":{"GOOGLE_NODE_RUN_SCRIPTS":""},"dockerRepository":"projects/escorts-uk/locations/us-central1/repositories/gcf-artifacts","sourceProvenance":{"resolvedStorageSource":{"bucket":"gcf-v2-sources-265157451896-us-central1","object":"api/function-source.zip","generation":"1740276100719773"}},"dockerRegistry":"ARTIFACT_REGISTRY","serviceAccount":"projects/escorts-uk/serviceAccounts/265157451896-compute@developer.gserviceaccount.com","automaticUpdatePolicy":{}},"serviceConfig":{"service":"projects/escorts-uk/locations/us-central1/services/api","timeoutSeconds":60,"environmentVariables":{"FIREBASE_CONFIG":"{\"projectId\":\"escorts-uk\",\"storageBucket\":\"escorts-uk.firebasestorage.app\"}","GCLOUD_PROJECT":"escorts-uk","EVENTARC_CLOUD_EVENT_SOURCE":"projects/escorts-uk/locations/us-central1/services/api","FUNCTION_TARGET":"api","LOG_EXECUTION_ID":"true"},"ingressSettings":"ALLOW_ALL","uri":"https://api-vthgvowqha-uc.a.run.app","serviceAccountEmail":"265157451896-compute@developer.gserviceaccount.com","availableMemory":"256Mi","allTrafficOnLatestRevision":true,"revision":"api-00014-sub","maxInstanceRequestConcurrency":80,"availableCpu":"1"},"state":"ACTIVE","labels":{"deployment-tool":"cloudfunctions","firebase-functions-hash":"1d7d8cc30142fcc00dc4f846b486df318e52e2c5"},"environment":"GEN_2","url":"https://us-central1-escorts-uk.cloudfunctions.net/api","satisfiesPzi":true},"stages":[{"name":"BUILD","message":"Build in progress","state":"IN_PROGRESS","resource":"projects/265157451896/locations/us-central1/builds/532554de-cdbd-46b7-8d86-7ffadda1b612","resourceUri":"https://console.cloud.google.com/cloud-build/builds;region=us-central1/532554de-cdbd-46b7-8d86-7ffadda1b612?project=265157451896"},{"name":"SERVICE","state":"NOT_STARTED"}],"operationType":"UPDATE_FUNCTION","buildName":"projects/265157451896/locations/us-central1/builds/532554de-cdbd-46b7-8d86-7ffadda1b612"},"done":false}
[debug] [2025-02-23T02:17:21.045Z] [update-default-us-central1-api] Retrying task index 0
[debug] [2025-02-23T02:17:21.045Z] Checked if tokens are valid: true, expires at: 1740280616257
[debug] [2025-02-23T02:17:21.045Z] Checked if tokens are valid: true, expires at: 1740280616257
[debug] [2025-02-23T02:17:21.045Z] >>> [apiv2][query] GET https://cloudfunctions.googleapis.com/v2/projects/escorts-uk/locations/us-central1/operations/operation-1740277034613-62ec5d27579b1-75d6c6be-14285377 [none]
[debug] [2025-02-23T02:17:21.721Z] <<< [apiv2][status] GET https://cloudfunctions.googleapis.com/v2/projects/escorts-uk/locations/us-central1/operations/operation-1740277034613-62ec5d27579b1-75d6c6be-14285377 200
[debug] [2025-02-23T02:17:21.721Z] <<< [apiv2][body] GET https://cloudfunctions.googleapis.com/v2/projects/escorts-uk/locations/us-central1/operations/operation-1740277034613-62ec5d27579b1-75d6c6be-14285377 {"name":"projects/escorts-uk/locations/us-central1/operations/operation-1740277034613-62ec5d27579b1-75d6c6be-14285377","metadata":{"@type":"type.googleapis.com/google.cloud.functions.v2.OperationMetadata","createTime":"2025-02-23T02:17:15.275809536Z","target":"projects/escorts-uk/locations/us-central1/functions/api","verb":"update","cancelRequested":false,"apiVersion":"v2","requestResource":{"@type":"type.googleapis.com/google.cloud.functions.v2.Function","name":"projects/escorts-uk/locations/us-central1/functions/api","buildConfig":{"runtime":"nodejs22","entryPoint":"api","source":{"storageSource":{"bucket":"gcf-v2-sources-265157451896-us-central1","object":"api/function-source.zip","generation":"1740277035233647"}},"environmentVariables":{"GOOGLE_NODE_RUN_SCRIPTS":""},"dockerRepository":"projects/escorts-uk/locations/us-central1/repositories/gcf-artifacts","sourceProvenance":{"resolvedStorageSource":{"bucket":"gcf-v2-sources-265157451896-us-central1","object":"api/function-source.zip","generation":"1740276100719773"}},"dockerRegistry":"ARTIFACT_REGISTRY","serviceAccount":"projects/escorts-uk/serviceAccounts/265157451896-compute@developer.gserviceaccount.com","automaticUpdatePolicy":{}},"serviceConfig":{"service":"projects/escorts-uk/locations/us-central1/services/api","timeoutSeconds":60,"environmentVariables":{"FIREBASE_CONFIG":"{\"projectId\":\"escorts-uk\",\"storageBucket\":\"escorts-uk.firebasestorage.app\"}","GCLOUD_PROJECT":"escorts-uk","EVENTARC_CLOUD_EVENT_SOURCE":"projects/escorts-uk/locations/us-central1/services/api","FUNCTION_TARGET":"api","LOG_EXECUTION_ID":"true"},"ingressSettings":"ALLOW_ALL","uri":"https://api-vthgvowqha-uc.a.run.app","serviceAccountEmail":"265157451896-compute@developer.gserviceaccount.com","availableMemory":"256Mi","allTrafficOnLatestRevision":true,"revision":"api-00014-sub","maxInstanceRequestConcurrency":80,"availableCpu":"1"},"state":"ACTIVE","labels":{"deployment-tool":"cloudfunctions","firebase-functions-hash":"1d7d8cc30142fcc00dc4f846b486df318e52e2c5"},"environment":"GEN_2","url":"https://us-central1-escorts-uk.cloudfunctions.net/api","satisfiesPzi":true},"stages":[{"name":"BUILD","message":"Build in progress","state":"IN_PROGRESS","resource":"projects/265157451896/locations/us-central1/builds/532554de-cdbd-46b7-8d86-7ffadda1b612","resourceUri":"https://console.cloud.google.com/cloud-build/builds;region=us-central1/532554de-cdbd-46b7-8d86-7ffadda1b612?project=265157451896"},{"name":"SERVICE","state":"NOT_STARTED"}],"operationType":"UPDATE_FUNCTION","buildName":"projects/265157451896/locations/us-central1/builds/532554de-cdbd-46b7-8d86-7ffadda1b612"},"done":false}
[debug] [2025-02-23T02:17:25.734Z] [update-default-us-central1-api] Retrying task index 0
[debug] [2025-02-23T02:17:25.734Z] Checked if tokens are valid: true, expires at: 1740280616257
[debug] [2025-02-23T02:17:25.734Z] Checked if tokens are valid: true, expires at: 1740280616257
[debug] [2025-02-23T02:17:25.734Z] >>> [apiv2][query] GET https://cloudfunctions.googleapis.com/v2/projects/escorts-uk/locations/us-central1/operations/operation-1740277034613-62ec5d27579b1-75d6c6be-14285377 [none]
[debug] [2025-02-23T02:17:25.884Z] <<< [apiv2][status] GET https://cloudfunctions.googleapis.com/v2/projects/escorts-uk/locations/us-central1/operations/operation-1740277034613-62ec5d27579b1-75d6c6be-14285377 200
[debug] [2025-02-23T02:17:25.884Z] <<< [apiv2][body] GET https://cloudfunctions.googleapis.com/v2/projects/escorts-uk/locations/us-central1/operations/operation-1740277034613-62ec5d27579b1-75d6c6be-14285377 {"name":"projects/escorts-uk/locations/us-central1/operations/operation-1740277034613-62ec5d27579b1-75d6c6be-14285377","metadata":{"@type":"type.googleapis.com/google.cloud.functions.v2.OperationMetadata","createTime":"2025-02-23T02:17:15.275809536Z","target":"projects/escorts-uk/locations/us-central1/functions/api","verb":"update","cancelRequested":false,"apiVersion":"v2","requestResource":{"@type":"type.googleapis.com/google.cloud.functions.v2.Function","name":"projects/escorts-uk/locations/us-central1/functions/api","buildConfig":{"runtime":"nodejs22","entryPoint":"api","source":{"storageSource":{"bucket":"gcf-v2-sources-265157451896-us-central1","object":"api/function-source.zip","generation":"1740277035233647"}},"environmentVariables":{"GOOGLE_NODE_RUN_SCRIPTS":""},"dockerRepository":"projects/escorts-uk/locations/us-central1/repositories/gcf-artifacts","sourceProvenance":{"resolvedStorageSource":{"bucket":"gcf-v2-sources-265157451896-us-central1","object":"api/function-source.zip","generation":"1740276100719773"}},"dockerRegistry":"ARTIFACT_REGISTRY","serviceAccount":"projects/escorts-uk/serviceAccounts/265157451896-compute@developer.gserviceaccount.com","automaticUpdatePolicy":{}},"serviceConfig":{"service":"projects/escorts-uk/locations/us-central1/services/api","timeoutSeconds":60,"environmentVariables":{"FIREBASE_CONFIG":"{\"projectId\":\"escorts-uk\",\"storageBucket\":\"escorts-uk.firebasestorage.app\"}","GCLOUD_PROJECT":"escorts-uk","EVENTARC_CLOUD_EVENT_SOURCE":"projects/escorts-uk/locations/us-central1/services/api","FUNCTION_TARGET":"api","LOG_EXECUTION_ID":"true"},"ingressSettings":"ALLOW_ALL","uri":"https://api-vthgvowqha-uc.a.run.app","serviceAccountEmail":"265157451896-compute@developer.gserviceaccount.com","availableMemory":"256Mi","allTrafficOnLatestRevision":true,"revision":"api-00014-sub","maxInstanceRequestConcurrency":80,"availableCpu":"1"},"state":"ACTIVE","labels":{"deployment-tool":"cloudfunctions","firebase-functions-hash":"1d7d8cc30142fcc00dc4f846b486df318e52e2c5"},"environment":"GEN_2","url":"https://us-central1-escorts-uk.cloudfunctions.net/api","satisfiesPzi":true},"stages":[{"name":"BUILD","message":"Build in progress","state":"IN_PROGRESS","resource":"projects/265157451896/locations/us-central1/builds/532554de-cdbd-46b7-8d86-7ffadda1b612","resourceUri":"https://console.cloud.google.com/cloud-build/builds;region=us-central1/532554de-cdbd-46b7-8d86-7ffadda1b612?project=265157451896"},{"name":"SERVICE","state":"NOT_STARTED"}],"operationType":"UPDATE_FUNCTION","buildName":"projects/265157451896/locations/us-central1/builds/532554de-cdbd-46b7-8d86-7ffadda1b612"},"done":false}
